Command "daemon" is deprecated, and will be removed in Docker 1.16. Please run `dockerd` directly.
time="2018-12-13T00:34:30.946980000-06:00" level=warning msg="[!] DON'T BIND ON ANY IP ADDRESS WITHOUT setting -tlsverify IF YOU DON'T KNOW WHAT YOU'RE DOING [!]" 
time="2018-12-13T00:34:30.962263000-06:00" level=info msg="libcontainerd: new containerd process, pid: 7706" 
time="2018-12-13T00:34:30.9729405-06:00" level=warning msg="containerd: low RLIMIT_NOFILE changing to max" current=1024 max=65536 
panic: invalid page type: 0: 4

goroutine 1 [running]:
panic(0x191d5c0, 0xc8203f9e20)
	/usr/lib/go-1.6/src/runtime/panic.go:481 +0x3e6
github.com/docker/docker/vendor/github.com/boltdb/bolt.(*Cursor).search(0xc82050c858, 0x2f3b330, 0x7, 0x7, 0x4)
	/build/docker.io-_kdaEJ/docker.io-17.03.2/.gopath/src/github.com/docker/docker/vendor/github.com/boltdb/bolt/cursor.go:256 +0x215
github.com/docker/docker/vendor/github.com/boltdb/bolt.(*Cursor).seek(0xc82050c858, 0x2f3b330, 0x7, 0x7, 0x0, 0x0, 0x0, 0x0, 0x0, 0x0, ...)
	/build/docker.io-_kdaEJ/docker.io-17.03.2/.gopath/src/github.com/docker/docker/vendor/github.com/boltdb/bolt/cursor.go:159 +0xda
github.com/docker/docker/vendor/github.com/boltdb/bolt.(*Bucket).Bucket(0xc82034e0f8, 0x2f3b330, 0x7, 0x7, 0x0)
	/build/docker.io-_kdaEJ/docker.io-17.03.2/.gopath/src/github.com/docker/docker/vendor/github.com/boltdb/bolt/bucket.go:112 +0x180
github.com/docker/docker/vendor/github.com/boltdb/bolt.(*Tx).Bucket(0xc82034e0e0, 0x2f3b330, 0x7, 0x7, 0x0)
	/build/docker.io-_kdaEJ/docker.io-17.03.2/.gopath/src/github.com/docker/docker/vendor/github.com/boltdb/bolt/tx.go:101 +0x4b
github.com/docker/docker/volume/store.listMeta(0xc82034e0e0, 0x0, 0x0, 0x0)
	/build/docker.io-_kdaEJ/docker.io-17.03.2/.gopath/src/github.com/docker/docker/volume/store/db.go:71 +0x6b
github.com/docker/docker/volume/store.(*VolumeStore).restore.func1(0xc82034e0e0, 0x0, 0x0)
	/build/docker.io-_kdaEJ/docker.io-17.03.2/.gopath/src/github.com/docker/docker/volume/store/restore.go:21 +0x36
github.com/docker/docker/vendor/github.com/boltdb/bolt.(*DB).View(0xc8201421e0, 0xc82050ca48, 0x0, 0x0)
	/build/docker.io-_kdaEJ/docker.io-17.03.2/.gopath/src/github.com/docker/docker/vendor/github.com/boltdb/bolt/db.go:626 +0xb9
github.com/docker/docker/volume/store.(*VolumeStore).restore(0xc8204ec780)
	/build/docker.io-_kdaEJ/docker.io-17.03.2/.gopath/src/github.com/docker/docker/volume/store/restore.go:23 +0x86
github.com/docker/docker/volume/store.New(0x2046ec0, 0xf, 0x2038a40, 0x0, 0x0)
	/build/docker.io-_kdaEJ/docker.io-17.03.2/.gopath/src/github.com/docker/docker/volume/store/store.go:92 +0x5a2
github.com/docker/docker/daemon.(*Daemon).configureVolumes(0xc820098400, 0x0, 0x0, 0xc8204a4a40, 0x0, 0x0)
	/build/docker.io-_kdaEJ/docker.io-17.03.2/.gopath/src/github.com/docker/docker/daemon/daemon.go:983 +0x22a
github.com/docker/docker/daemon.NewDaemon(0xc820437000, 0x7f95c0be0948, 0xc82043ba90, 0x7f95c0cda6b8, 0xc820423e10, 0x0, 0x0, 0x0)
	/build/docker.io-_kdaEJ/docker.io-17.03.2/.gopath/src/github.com/docker/docker/daemon/daemon.go:632 +0x1f9a
main.(*DaemonCli).start(0xc8204411a0, 0xc820441100, 0x2183650, 0x17, 0xc820437000, 0xc82044c0f0, 0xc8203b4a20, 0x0, 0x0)
	/build/docker.io-_kdaEJ/docker.io-17.03.2/.gopath/src/github.com/docker/docker/cmd/dockerd/daemon.go:263 +0x1a8e
main.runDaemon(0x4f8b00, 0x2183650, 0x17, 0xc820437000, 0xc82044c0f0, 0xc8203b4a20, 0x0, 0x0)
	/build/docker.io-_kdaEJ/docker.io-17.03.2/.gopath/src/github.com/docker/docker/cmd/dockerd/docker.go:86 +0x1f2
main.newDaemonCommand.func1(0xc820349d40, 0xc820429640, 0x0, 0x4, 0x0, 0x0)
	/build/docker.io-_kdaEJ/docker.io-17.03.2/.gopath/src/github.com/docker/docker/cmd/dockerd/docker.go:42 +0x5f
github.com/docker/docker/vendor/github.com/spf13/cobra.(*Command).execute(0xc820349d40, 0xc82000a0b0, 0x4, 0x4, 0x0, 0x0)
	/build/docker.io-_kdaEJ/docker.io-17.03.2/.gopath/src/github.com/docker/docker/vendor/github.com/spf13/cobra/command.go:646 +0x6fe
github.com/docker/docker/vendor/github.com/spf13/cobra.(*Command).ExecuteC(0xc820349d40, 0xc820349d40, 0x0, 0x0)
	/build/docker.io-_kdaEJ/docker.io-17.03.2/.gopath/src/github.com/docker/docker/vendor/github.com/spf13/cobra/command.go:742 +0x58a
github.com/docker/docker/vendor/github.com/spf13/cobra.(*Command).Execute(0xc820349d40, 0x0, 0x0)
	/build/docker.io-_kdaEJ/docker.io-17.03.2/.gopath/src/github.com/docker/docker/vendor/github.com/spf13/cobra/command.go:695 +0x2d
main.main()
	/build/docker.io-_kdaEJ/docker.io-17.03.2/.gopath/src/github.com/docker/docker/cmd/dockerd/docker.go:106 +0x1ef
